<?xml version="1.0" encoding="UTF-8"?>
<!-- Generated by org.testng.reporters.JUnitReportReporter -->
<testsuite skipped="0" hostname="L505613" name="com.qa.FreeCRM.PageTest.HomePageTest" tests="1" failures="0" timestamp="2020-10-09T17:25:34 IST" time="3.195" errors="0">
  <testcase name="verifyUserProfileTest" time="3.195" classname="com.qa.FreeCRM.PageTest.HomePageTest"/>
  <system-out/>
</testsuite> <!-- com.qa.FreeCRM.PageTest.HomePageTest -->
