<?xml version="1.0" encoding="UTF-8"?>
<!-- Generated by org.testng.reporters.JUnitReportReporter -->
<testsuite skipped="0" hostname="L505613" name="com.qa.FreeCRM.PageTest.LoginPageTest" tests="2" failures="0" timestamp="2020-10-09T17:25:34 IST" time="0.683" errors="0">
  <testcase name="verifyLoginTest" time="0.539" classname="com.qa.FreeCRM.PageTest.LoginPageTest"/>
  <system-out/>
  <testcase name="verifyLoginPageTitleTest" time="0.144" classname="com.qa.FreeCRM.PageTest.LoginPageTest"/>
  <system-out/>
</testsuite> <!-- com.qa.FreeCRM.PageTest.LoginPageTest -->
