<?xml version="1.0" encoding="UTF-8"?>
<!-- Generated by org.testng.reporters.JUnitReportReporter -->
<testsuite skipped="0" hostname="L505613" name="com.qa.FreeCRM.PageTest.LoginPageTest" tests="2" failures="0" timestamp="02 Oct 2020 17:50:28 GMT" time="0.272" errors="0">
  <testcase name="verifyLoginPageTitleTest" time="0.008" classname="com.qa.FreeCRM.PageTest.LoginPageTest"/>
  <testcase name="verifyLoginTest" time="0.264" classname="com.qa.FreeCRM.PageTest.LoginPageTest"/>
</testsuite> <!-- com.qa.FreeCRM.PageTest.LoginPageTest -->
