<?xml version="1.0" encoding="UTF-8"?>
<!-- Generated by org.testng.reporters.JUnitReportReporter -->
<testsuite skipped="0" hostname="L505613" name="com.qa.FreeCRM.PageTest.LoginPageTest" tests="2" failures="0" timestamp="11 Oct 2020 09:57:40 GMT" time="0.679" errors="0">
  <testcase name="verifyLoginPageTitleTest" time="0.146" classname="com.qa.FreeCRM.PageTest.LoginPageTest"/>
  <testcase name="verifyLoginTest" time="0.533" classname="com.qa.FreeCRM.PageTest.LoginPageTest"/>
</testsuite> <!-- com.qa.FreeCRM.PageTest.LoginPageTest -->
