<?xml version="1.0" encoding="UTF-8"?>
<!-- Generated by org.testng.reporters.JUnitReportReporter -->
<testsuite skipped="0" hostname="L505613" name="com.qa.FreeCRM.PageTest.HomePageTest" tests="1" failures="0" timestamp="11 Oct 2020 09:57:40 GMT" time="1.746" errors="0">
  <testcase name="verifyUserProfileTest" time="1.746" classname="com.qa.FreeCRM.PageTest.HomePageTest"/>
</testsuite> <!-- com.qa.FreeCRM.PageTest.HomePageTest -->
